<?xml version="1.0" encoding="UTF-8"?>
<!-- Generated by org.testng.reporters.JUnitReportReporter -->
<testsuite hostname="sagar" failures="0" tests="1" name="seleniumtests.SimpleTest" time="6.243" errors="0" timestamp="2023-09-15T14:02:03 IST" skipped="0">
  <testcase classname="seleniumtests.SimpleTest" name="verifytitle" time="6.243"/>
  <system-out/>
</testsuite> <!-- seleniumtests.SimpleTest -->
